Started GET "/" for 127.0.0.1 at 2021-04-15 23:42:26 +0530
  [1m[35m (1.1ms)[0m  [1m[34mSELECT sqlite_version(*)[0m
Processing by Rails::WelcomeController#index as HTML
  Rendering /home/neoengineer/.rbenv/versions/2.7.2/lib/ruby/gems/2.7.0/gems/railties-6.1.3.1/lib/rails/templates/rails/welcome/index.html.erb
  Rendered /home/neoengineer/.rbenv/versions/2.7.2/lib/ruby/gems/2.7.0/gems/railties-6.1.3.1/lib/rails/templates/rails/welcome/index.html.erb (Duration: 6.5ms | Allocations: 442)
Completed 200 OK in 25ms (Views: 14.0ms | ActiveRecord: 0.0ms | Allocations: 3661)


Started GET "/" for 127.0.0.1 at 2021-04-15 23:42:57 +0530
  [1m[35m (0.4ms)[0m  [1m[34mSELECT sqlite_version(*)[0m
Processing by Rails::WelcomeController#index as HTML
  Rendering /home/neoengineer/.rbenv/versions/2.7.2/lib/ruby/gems/2.7.0/gems/railties-6.1.3.1/lib/rails/templates/rails/welcome/index.html.erb
  Rendered /home/neoengineer/.rbenv/versions/2.7.2/lib/ruby/gems/2.7.0/gems/railties-6.1.3.1/lib/rails/templates/rails/welcome/index.html.erb (Duration: 6.2ms | Allocations: 336)
Completed 200 OK in 14ms (Views: 7.6ms | ActiveRecord: 0.0ms | Allocations: 2438)


Started GET "/" for 127.0.0.1 at 2021-04-15 23:45:53 +0530
  [1m[35m (0.4ms)[0m  [1m[34mSELECT sqlite_version(*)[0m
Processing by Rails::WelcomeController#index as HTML
  Rendering /home/neoengineer/.rbenv/versions/2.7.2/lib/ruby/gems/2.7.0/gems/railties-6.1.3.1/lib/rails/templates/rails/welcome/index.html.erb
  Rendered /home/neoengineer/.rbenv/versions/2.7.2/lib/ruby/gems/2.7.0/gems/railties-6.1.3.1/lib/rails/templates/rails/welcome/index.html.erb (Duration: 6.3ms | Allocations: 336)
Completed 200 OK in 14ms (Views: 7.7ms | ActiveRecord: 0.0ms | Allocations: 2454)


Started GET "/" for 127.0.0.1 at 2021-04-15 23:45:55 +0530
Processing by Rails::WelcomeController#index as HTML
  Rendering /home/neoengineer/.rbenv/versions/2.7.2/lib/ruby/gems/2.7.0/gems/railties-6.1.3.1/lib/rails/templates/rails/welcome/index.html.erb
  Rendered /home/neoengineer/.rbenv/versions/2.7.2/lib/ruby/gems/2.7.0/gems/railties-6.1.3.1/lib/rails/templates/rails/welcome/index.html.erb (Duration: 16.9ms | Allocations: 219)
Completed 200 OK in 24ms (Views: 20.2ms | ActiveRecord: 0.0ms | Allocations: 834)


Started GET "/" for 127.0.0.1 at 2021-04-15 23:45:55 +0530
Processing by Rails::WelcomeController#index as HTML
  Rendering /home/neoengineer/.rbenv/versions/2.7.2/lib/ruby/gems/2.7.0/gems/railties-6.1.3.1/lib/rails/templates/rails/welcome/index.html.erb
  Rendered /home/neoengineer/.rbenv/versions/2.7.2/lib/ruby/gems/2.7.0/gems/railties-6.1.3.1/lib/rails/templates/rails/welcome/index.html.erb (Duration: 1.5ms | Allocations: 49)
Completed 200 OK in 5ms (Views: 3.1ms | ActiveRecord: 0.0ms | Allocations: 346)


Started GET "/" for 127.0.0.1 at 2021-04-15 23:46:02 +0530
Processing by Rails::WelcomeController#index as HTML
  Rendering /home/neoengineer/.rbenv/versions/2.7.2/lib/ruby/gems/2.7.0/gems/railties-6.1.3.1/lib/rails/templates/rails/welcome/index.html.erb
  Rendered /home/neoengineer/.rbenv/versions/2.7.2/lib/ruby/gems/2.7.0/gems/railties-6.1.3.1/lib/rails/templates/rails/welcome/index.html.erb (Duration: 0.5ms | Allocations: 49)
Completed 200 OK in 2ms (Views: 1.2ms | ActiveRecord: 0.0ms | Allocations: 345)


Started GET "/" for 127.0.0.1 at 2021-04-15 23:46:03 +0530
Processing by Rails::WelcomeController#index as HTML
  Rendering /home/neoengineer/.rbenv/versions/2.7.2/lib/ruby/gems/2.7.0/gems/railties-6.1.3.1/lib/rails/templates/rails/welcome/index.html.erb
  Rendered /home/neoengineer/.rbenv/versions/2.7.2/lib/ruby/gems/2.7.0/gems/railties-6.1.3.1/lib/rails/templates/rails/welcome/index.html.erb (Duration: 0.3ms | Allocations: 48)
Completed 200 OK in 1ms (Views: 0.6ms | ActiveRecord: 0.0ms | Allocations: 339)


Started GET "/" for 127.0.0.1 at 2021-04-15 23:46:03 +0530
Processing by Rails::WelcomeController#index as HTML
  Rendering /home/neoengineer/.rbenv/versions/2.7.2/lib/ruby/gems/2.7.0/gems/railties-6.1.3.1/lib/rails/templates/rails/welcome/index.html.erb
  Rendered /home/neoengineer/.rbenv/versions/2.7.2/lib/ruby/gems/2.7.0/gems/railties-6.1.3.1/lib/rails/templates/rails/welcome/index.html.erb (Duration: 2.1ms | Allocations: 48)
Completed 200 OK in 6ms (Views: 4.1ms | ActiveRecord: 0.0ms | Allocations: 339)


Started GET "/greetings" for 127.0.0.1 at 2021-04-15 23:47:27 +0530
Started GET "/greetings" for 127.0.0.1 at 2021-04-15 23:47:27 +0530
  [1m[35m (0.4ms)[0m  [1m[34mSELECT sqlite_version(*)[0m
  
ActionController::RoutingError (No route matches [GET] "/greetings"):
  
  
ActionController::RoutingError (No route matches [GET] "/greetings"):
  
Started GET "/greetings/hello" for 127.0.0.1 at 2021-04-15 23:47:37 +0530
Processing by GreetingsController#hello as HTML
Completed 500 Internal Server Error in 3ms (ActiveRecord: 0.0ms | Allocations: 1833)


  
NoMethodError (undefined method `upper' for nil:NilClass
Did you mean?  super):
  
app/controllers/greetings_controller.rb:4:in `hello'
Started GET "/greetings/hello" for 127.0.0.1 at 2021-04-15 23:49:21 +0530
  [1m[35m (0.4ms)[0m  [1m[34mSELECT sqlite_version(*)[0m
Processing by GreetingsController#hello as HTML
Completed 500 Internal Server Error in 14ms (ActiveRecord: 0.0ms | Allocations: 1852)


  
NoMethodError (undefined method `upcase!' for nil:NilClass
Did you mean?  case):
  
app/controllers/greetings_controller.rb:4:in `hello'
Started GET "/greetings/hello" for 127.0.0.1 at 2021-04-15 23:50:24 +0530
  [1m[35m (0.4ms)[0m  [1m[34mSELECT sqlite_version(*)[0m
Processing by GreetingsController#hello as HTML
Completed 500 Internal Server Error in 14ms (ActiveRecord: 0.0ms | Allocations: 1841)


  
NoMethodError (undefined method `case!' for nil:NilClass
Did you mean?  case):
  
app/controllers/greetings_controller.rb:4:in `hello'
Started GET "/greetings/hello" for 127.0.0.1 at 2021-04-15 23:50:47 +0530
  [1m[35m (0.4ms)[0m  [1m[34mSELECT sqlite_version(*)[0m
Processing by GreetingsController#hello as HTML
Completed 500 Internal Server Error in 15ms (ActiveRecord: 0.0ms | Allocations: 1824)


  
NoMethodError (undefined method `case' for nil:NilClass):
  
app/controllers/greetings_controller.rb:4:in `hello'
Started GET "/greetings/hello" for 127.0.0.1 at 2021-04-15 23:51:23 +0530
  [1m[35m (0.4ms)[0m  [1m[34mSELECT sqlite_version(*)[0m
Processing by GreetingsController#hello as HTML
  Rendering layout layouts/application.html.erb
  Rendering greetings/hello.html.erb within layouts/application
  Rendered greetings/hello.html.erb within layouts/application (Duration: 0.6ms | Allocations: 237)
[Webpacker] Compiling...
Started GET "/greetings/hello" for 127.0.0.1 at 2021-04-15 23:51:26 +0530
Processing by GreetingsController#hello as HTML
  Rendering layout layouts/application.html.erb
  Rendering greetings/hello.html.erb within layouts/application
  Rendered greetings/hello.html.erb within layouts/application (Duration: 0.2ms | Allocations: 38)
[Webpacker] Compiling...
[Webpacker] Compiled all packs in /home/neoengineer/Tekneo/Ruby App/Hello World/public/packs
[Webpacker] warning ../../../package.json: No license field

[Webpacker] Hash: e332c6419728fac579d5
Version: webpack 4.46.0
Time: 1831ms
Built at: 15/04/2021 11:51:26 pm
                                     Asset       Size       Chunks                         Chunk Names
    js/application-f826770d917d8a37c1d8.js    125 KiB  application  [emitted] [immutable]  application
js/application-f826770d917d8a37c1d8.js.map    139 KiB  application  [emitted] [dev]        application
                             manifest.json  364 bytes               [emitted]              
Entrypoint application = js/application-f826770d917d8a37c1d8.js js/application-f826770d917d8a37c1d8.js.map
[./app/javascript/channels sync recursive _channel\.js$] ./app/javascript/channels sync _channel\.js$ 160 bytes {application} [built]
[./app/javascript/channels/index.js] 211 bytes {application} [built]
[./app/javascript/packs/application.js] 492 bytes {application} [built]
[./node_modules/webpack/buildin/module.js] (webpack)/buildin/module.js 552 bytes {application} [built]
    + 3 hidden modules

  Rendered layout layouts/application.html.erb (Duration: 3112.3ms | Allocations: 23250)
Completed 200 OK in 3128ms (Views: 3114.4ms | ActiveRecord: 0.0ms | Allocations: 25772)


[Webpacker] Compiled all packs in /home/neoengineer/Tekneo/Ruby App/Hello World/public/packs
[Webpacker] warning ../../../package.json: No license field

[Webpacker] Hash: e332c6419728fac579d5
Version: webpack 4.46.0
Time: 614ms
Built at: 15/04/2021 11:51:28 pm
                                     Asset       Size       Chunks                         Chunk Names
    js/application-f826770d917d8a37c1d8.js    125 KiB  application  [emitted] [immutable]  application
js/application-f826770d917d8a37c1d8.js.map    139 KiB  application  [emitted] [dev]        application
                             manifest.json  364 bytes               [emitted]              
Entrypoint application = js/application-f826770d917d8a37c1d8.js js/application-f826770d917d8a37c1d8.js.map
[./app/javascript/channels sync recursive _channel\.js$] ./app/javascript/channels sync _channel\.js$ 160 bytes {application} [built]
[./app/javascript/channels/index.js] 211 bytes {application} [built]
[./app/javascript/packs/application.js] 492 bytes {application} [built]
[./node_modules/webpack/buildin/module.js] (webpack)/buildin/module.js 552 bytes {application} [built]
    + 3 hidden modules

  Rendered layout layouts/application.html.erb (Duration: 1804.4ms | Allocations: 6586)
Completed 200 OK in 1808ms (Views: 1807.2ms | ActiveRecord: 0.0ms | Allocations: 6916)


Started GET "/greetings/hello" for 127.0.0.1 at 2021-04-15 23:51:30 +0530
Processing by GreetingsController#hello as HTML
  Rendering layout layouts/application.html.erb
  Rendering greetings/hello.html.erb within layouts/application
  Rendered greetings/hello.html.erb within layouts/application (Duration: 0.4ms | Allocations: 38)
[Webpacker] Everything's up-to-date. Nothing to do
  Rendered layout layouts/application.html.erb (Duration: 15.4ms | Allocations: 3307)
Completed 200 OK in 19ms (Views: 17.4ms | ActiveRecord: 0.0ms | Allocations: 3695)


